<?xml version="1.0" encoding="UTF-8"?>
<robot generator="Robot 4.1.3 (Python 3.9.9 on linux)" generated="20220308 14:45:00.876" rpa="false" schemaversion="2">
<suite id="s1" name="03 Test Run Shell Ping" source="/home/user/Documents/@projetos/robotframework/test/shell/03_test_run_shell_ping.robot">
<test id="s1-t1" name="Ping Google sem perdas">
<kw name="Run Process" library="Process">
<var>${result}</var>
<arg>ping</arg>
<arg>8.8.8.8</arg>
<arg>-c</arg>
<arg>3</arg>
<doc>Runs a process and waits for it to complete.</doc>
<msg timestamp="20220308 14:45:00.980" level="INFO">Starting process:
ping 8.8.8.8 -c 3</msg>
<msg timestamp="20220308 14:45:00.986" level="INFO">Waiting for process to complete.</msg>
<msg timestamp="20220308 14:45:03.006" level="INFO">Process completed.</msg>
<msg timestamp="20220308 14:45:03.009" level="INFO">${result} = &lt;result object with rc 0&gt;</msg>
<status status="PASS" starttime="20220308 14:45:00.978" endtime="20220308 14:45:03.010"/>
</kw>
<kw name="Log" library="BuiltIn">
<arg>${result.stdout}</arg>
<doc>Logs the given message with the given level.</doc>
<msg timestamp="20220308 14:45:03.033" level="INFO">PING 8.8.8.8 (8.8.8.8) 56(84) bytes of data.
64 bytes from 8.8.8.8: icmp_seq=1 ttl=58 time=43.4 ms
64 bytes from 8.8.8.8: icmp_seq=2 ttl=58 time=12.9 ms
64 bytes from 8.8.8.8: icmp_seq=3 ttl=58 time=13.3 ms

--- 8.8.8.8 ping statistics ---
3 packets transmitted, 3 received, 0% packet loss, time 2004ms
rtt min/avg/max/mdev = 12.851/23.175/43.385/14.291 ms</msg>
<status status="PASS" starttime="20220308 14:45:03.017" endtime="20220308 14:45:03.036"/>
</kw>
<kw name="Should Contain" library="BuiltIn">
<arg>${result.stdout}</arg>
<arg>3 received</arg>
<doc>Fails if ``container`` does not contain ``item`` one or more times.</doc>
<status status="PASS" starttime="20220308 14:45:03.045" endtime="20220308 14:45:03.050"/>
</kw>
<status status="PASS" starttime="20220308 14:45:00.974" endtime="20220308 14:45:03.052"/>
</test>
<status status="PASS" starttime="20220308 14:45:00.882" endtime="20220308 14:45:03.056"/>
</suite>
<statistics>
<total>
<stat pass="1" fail="0" skip="0">All Tests</stat>
</total>
<tag>
</tag>
<suite>
<stat pass="1" fail="0" skip="0" id="s1" name="03 Test Run Shell Ping">03 Test Run Shell Ping</stat>
</suite>
</statistics>
<errors>
</errors>
</robot>
